<?xml version="1.0" encoding="UTF-8"?>
<!-- Generated by org.testng.reporters.JUnitReportReporter -->
<testsuite skipped="0" hostname="DESKTOP-U5RVG3N" name="AnshuDemo.FirstTest" tests="1" failures="0" timestamp="19 Aug 2019 12:11:26 GMT" time="0.024" errors="0">
  <testcase name="FirstTestCase" time="0.024" classname="AnshuDemo.FirstTest"/>
</testsuite> <!-- AnshuDemo.FirstTest -->
